# JRE version: Java(TM) SE Runtime Environment (8.0_45-b14) (build 1.8.0_45-b14)
# Java VM: Java HotSpot(TM) 64-Bit Server VM (25.45-b02 mixed mode linux-amd64 compressed oops)
Heap:
 PSYoungGen      total 121856K, used 69332K [0x00000000ee100000, 0x00000000f8280000, 0x0000000100000000)
  eden space 110592K, 52% used [0x00000000ee100000,0x00000000f19b8b48,0x00000000f4d00000)
  from space 11264K, 99% used [0x00000000f4d00000,0x00000000f57fc610,0x00000000f5800000)
  to   space 13312K, 0% used [0x00000000f7580000,0x00000000f7580000,0x00000000f8280000)
 ParOldGen       total 46592K, used 18737K [0x00000000ca200000, 0x00000000ccf80000, 0x00000000ee100000)
  object space 46592K, 40% used [0x00000000ca200000,0x00000000cb44c648,0x00000000ccf80000)
 Metaspace       used 30503K, capacity 31656K, committed 31920K, reserved 1077248K
  class space    used 3473K, capacity 3726K, committed 3760K, reserved 1048576K
GC Heap History (10 events):
Event: 6,812 GC heap before
{Heap before GC invocations=6 (full 0):
 PSYoungGen      total 30720K, used 30704K [0x00000000ee100000, 0x00000000f2500000, 0x0000000100000000)
  eden space 28672K, 100% used [0x00000000ee100000,0x00000000efd00000,0x00000000efd00000)
  from space 2048K, 99% used [0x00000000efd00000,0x00000000efefc010,0x00000000eff00000)
  to   space 6144K, 0% used [0x00000000f1f00000,0x00000000f1f00000,0x00000000f2500000)
 ParOldGen       total 36864K, used 8455K [0x00000000ca200000, 0x00000000cc600000, 0x00000000ee100000)
  object space 36864K, 22% used [0x00000000ca200000,0x00000000caa41ee0,0x00000000cc600000)
 Metaspace       used 15041K, capacity 15398K, committed 15488K, reserved 1062912K
  class space    used 1796K, capacity 1860K, committed 1920K, reserved 1048576K
Event: 6,841 GC heap after
Heap after GC invocations=6 (full 0):
 PSYoungGen      total 63488K, used 4924K [0x00000000ee100000, 0x00000000f2500000, 0x0000000100000000)
  eden space 57344K, 0% used [0x00000000ee100000,0x00000000ee100000,0x00000000f1900000)
  from space 6144K, 80% used [0x00000000f1f00000,0x00000000f23cf030,0x00000000f2500000)
  to   space 6144K, 0% used [0x00000000f1900000,0x00000000f1900000,0x00000000f1f00000)
 ParOldGen       total 36864K, used 8455K [0x00000000ca200000, 0x00000000cc600000, 0x00000000ee100000)
  object space 36864K, 22% used [0x00000000ca200000,0x00000000caa41ee0,0x00000000cc600000)
 Metaspace       used 15041K, capacity 15398K, committed 15488K, reserved 1062912K
  class space    used 1796K, capacity 1860K, committed 1920K, reserved 1048576K
}
Event: 8,680 GC heap before
{Heap before GC invocations=7 (full 0):
 PSYoungGen      total 63488K, used 62268K [0x00000000ee100000, 0x00000000f2500000, 0x0000000100000000)
  eden space 57344K, 100% used [0x00000000ee100000,0x00000000f1900000,0x00000000f1900000)
  from space 6144K, 80% used [0x00000000f1f00000,0x00000000f23cf030,0x00000000f2500000)
  to   space 6144K, 0% used [0x00000000f1900000,0x00000000f1900000,0x00000000f1f00000)
 ParOldGen       total 36864K, used 8455K [0x00000000ca200000, 0x00000000cc600000, 0x00000000ee100000)
  object space 36864K, 22% used [0x00000000ca200000,0x00000000caa41ee0,0x00000000cc600000)
 Metaspace       used 15780K, capacity 16248K, committed 16512K, reserved 1064960K
  class space    used 1834K, capacity 1906K, committed 1920K, reserved 1048576K
Event: 8,731 GC heap after
Heap after GC invocations=7 (full 0):
 PSYoungGen      total 63488K, used 5957K [0x00000000ee100000, 0x00000000f5f00000, 0x0000000100000000)
  eden space 57344K, 0% used [0x00000000ee100000,0x00000000ee100000,0x00000000f1900000)
  from space 6144K, 96% used [0x00000000f1900000,0x00000000f1ed17c8,0x00000000f1f00000)
  to   space 7168K, 0% used [0x00000000f5800000,0x00000000f5800000,0x00000000f5f00000)
 ParOldGen       total 36864K, used 9071K [0x00000000ca200000, 0x00000000cc600000, 0x00000000ee100000)
  object space 36864K, 24% used [0x00000000ca200000,0x00000000caadbf30,0x00000000cc600000)
 Metaspace       used 15780K, capacity 16248K, committed 16512K, reserved 1064960K
  class space    used 1834K, capacity 1906K, committed 1920K, reserved 1048576K
}
Event: 11,059 GC heap before
{Heap before GC invocations=8 (full 0):
 PSYoungGen      total 63488K, used 45655K [0x00000000ee100000, 0x00000000f5f00000, 0x0000000100000000)
  eden space 57344K, 69% used [0x00000000ee100000,0x00000000f07c46b0,0x00000000f1900000)
  from space 6144K, 96% used [0x00000000f1900000,0x00000000f1ed17c8,0x00000000f1f00000)
  to   space 7168K, 0% used [0x00000000f5800000,0x00000000f5800000,0x00000000f5f00000)
 ParOldGen       total 36864K, used 9071K [0x00000000ca200000, 0x00000000cc600000, 0x00000000ee100000)
  object space 36864K, 24% used [0x00000000ca200000,0x00000000caadbf30,0x00000000cc600000)
 Metaspace       used 20612K, capacity 21236K, committed 21296K, reserved 1069056K
  class space    used 2432K, capacity 2566K, committed 2608K, reserved 1048576K
Event: 11,161 GC heap after
Heap after GC invocations=8 (full 0):
 PSYoungGen      total 117760K, used 7160K [0x00000000ee100000, 0x00000000f6700000, 0x0000000100000000)
  eden space 110592K, 0% used [0x00000000ee100000,0x00000000ee100000,0x00000000f4d00000)
  from space 7168K, 99% used [0x00000000f5800000,0x00000000f5efe288,0x00000000f5f00000)
  to   space 11264K, 0% used [0x00000000f4d00000,0x00000000f4d00000,0x00000000f5800000)
 ParOldGen       total 36864K, used 15863K [0x00000000ca200000, 0x00000000cc600000, 0x00000000ee100000)
  object space 36864K, 43% used [0x00000000ca200000,0x00000000cb17df68,0x00000000cc600000)
 Metaspace       used 20612K, capacity 21236K, committed 21296K, reserved 1069056K
  class space    used 2432K, capacity 2566K, committed 2608K, reserved 1048576K
}
Event: 11,161 GC heap before
{Heap before GC invocations=9 (full 1):
 PSYoungGen      total 117760K, used 7160K [0x00000000ee100000, 0x00000000f6700000, 0x0000000100000000)
  eden space 110592K, 0% used [0x00000000ee100000,0x00000000ee100000,0x00000000f4d00000)
  from space 7168K, 99% used [0x00000000f5800000,0x00000000f5efe288,0x00000000f5f00000)
  to   space 11264K, 0% used [0x00000000f4d00000,0x00000000f4d00000,0x00000000f5800000)
 ParOldGen       total 36864K, used 15863K [0x00000000ca200000, 0x00000000cc600000, 0x00000000ee100000)
  object space 36864K, 43% used [0x00000000ca200000,0x00000000cb17df68,0x00000000cc600000)
 Metaspace       used 20612K, capacity 21236K, committed 21296K, reserved 1069056K
  class space    used 2432K, capacity 2566K, committed 2608K, reserved 1048576K
Event: 11,522 GC heap after
Heap after GC invocations=9 (full 1):
 PSYoungGen      total 117760K, used 0K [0x00000000ee100000, 0x00000000f6700000, 0x0000000100000000)
  eden space 110592K, 0% used [0x00000000ee100000,0x00000000ee100000,0x00000000f4d00000)
  from space 7168K, 0% used [0x00000000f5800000,0x00000000f5800000,0x00000000f5f00000)
  to   space 11264K, 0% used [0x00000000f4d00000,0x00000000f4d00000,0x00000000f5800000)
 ParOldGen       total 46592K, used 18078K [0x00000000ca200000, 0x00000000ccf80000, 0x00000000ee100000)
  object space 46592K, 38% used [0x00000000ca200000,0x00000000cb3a7ad0,0x00000000ccf80000)
 Metaspace       used 20612K, capacity 21236K, committed 21296K, reserved 1069056K
  class space    used 2432K, capacity 2566K, committed 2608K, reserved 1048576K
}
Event: 16,903 GC heap before
{Heap before GC invocations=10 (full 1):
 PSYoungGen      total 117760K, used 110592K [0x00000000ee100000, 0x00000000f6700000, 0x0000000100000000)
  eden space 110592K, 100% used [0x00000000ee100000,0x00000000f4d00000,0x00000000f4d00000)
  from space 7168K, 0% used [0x00000000f5800000,0x00000000f5800000,0x00000000f5f00000)
  to   space 11264K, 0% used [0x00000000f4d00000,0x00000000f4d00000,0x00000000f5800000)
 ParOldGen       total 46592K, used 18078K [0x00000000ca200000, 0x00000000ccf80000, 0x00000000ee100000)
  object space 46592K, 38% used [0x00000000ca200000,0x00000000cb3a7ad0,0x00000000ccf80000)
 Metaspace       used 27939K, capacity 28820K, committed 28976K, reserved 1075200K
  class space    used 3192K, capacity 3368K, committed 3376K, reserved 1048576K
Event: 16,970 GC heap after
Heap after GC invocations=10 (full 1):
 PSYoungGen      total 121856K, used 11249K [0x00000000ee100000, 0x00000000f8280000, 0x0000000100000000)
  eden space 110592K, 0% used [0x00000000ee100000,0x00000000ee100000,0x00000000f4d00000)
  from space 11264K, 99% used [0x00000000f4d00000,0x00000000f57fc610,0x00000000f5800000)
  to   space 13312K, 0% used [0x00000000f7580000,0x00000000f7580000,0x00000000f8280000)
 ParOldGen       total 46592K, used 18737K [0x00000000ca200000, 0x00000000ccf80000, 0x00000000ee100000)
  object space 46592K, 40% used [0x00000000ca200000,0x00000000cb44c648,0x00000000ccf80000)
 Metaspace       used 27939K, capacity 28820K, committed 28976K, reserved 1075200K
  class space    used 3192K, capacity 3368K, committed 3376K, reserved 1048576K
}

